0 info it worked if it ends with ok
1 verbose cli [ '/usr/bin/nodejs', '/usr/bin/npm', 'start' ]
2 info using npm@3.10.8
3 info using node@v6.9.0
4 verbose run-script [ 'prestart', 'start', 'poststart' ]
5 info lifecycle vicara@1.0.0~prestart: vicara@1.0.0
6 silly lifecycle vicara@1.0.0~prestart: no script for prestart, continuing
7 info lifecycle vicara@1.0.0~start: vicara@1.0.0
8 verbose lifecycle vicara@1.0.0~start: unsafe-perm in lifecycle true
9 verbose lifecycle vicara@1.0.0~start: PATH: /usr/lib/node_modules/npm/bin/node-gyp-bin:/home/salmonax/@work/vicara/node_modules/.bin:/usr/local/heroku/bin:/home/salmonax/.rvm/gems/ruby-2.2.1/bin:/home/salmonax/.rvm/gems/ruby-2.2.1@global/bin:/home/salmonax/.rvm/rubies/ruby-2.2.1/bin:/usr/local/sbin:/usr/local/bin:/usr/sbin:/usr/bin:/sbin:/bin:/usr/games:/usr/local/games:/home/salmonax/.rvm/bin:/home/salmonax/.rvm/bin:/home/salmonax/.rvm/bin
10 verbose lifecycle vicara@1.0.0~start: CWD: /home/salmonax/@work/vicara
11 silly lifecycle vicara@1.0.0~start: Args: [ '-c', 'node server/server.js' ]
12 silly lifecycle vicara@1.0.0~start: Returned: code: 1  signal: null
13 info lifecycle vicara@1.0.0~start: Failed to exec start script
14 verbose stack Error: vicara@1.0.0 start: `node server/server.js`
14 verbose stack Exit status 1
14 verbose stack     at EventEmitter.<anonymous> (/usr/lib/node_modules/npm/lib/utils/lifecycle.js:255:16)
14 verbose stack     at emitTwo (events.js:106:13)
14 verbose stack     at EventEmitter.emit (events.js:191:7)
14 verbose stack     at ChildProcess.<anonymous> (/usr/lib/node_modules/npm/lib/utils/spawn.js:40:14)
14 verbose stack     at emitTwo (events.js:106:13)
14 verbose stack     at ChildProcess.emit (events.js:191:7)
14 verbose stack     at maybeClose (internal/child_process.js:877:16)
14 verbose stack     at Process.ChildProcess._handle.onexit (internal/child_process.js:226:5)
15 verbose pkgid vicara@1.0.0
16 verbose cwd /home/salmonax/@work/vicara
17 error Linux 3.13.0-100-generic
18 error argv "/usr/bin/nodejs" "/usr/bin/npm" "start"
19 error node v6.9.0
20 error npm  v3.10.8
21 error code ELIFECYCLE
22 error vicara@1.0.0 start: `node server/server.js`
22 error Exit status 1
23 error Failed at the vicara@1.0.0 start script 'node server/server.js'.
23 error Make sure you have the latest version of node.js and npm installed.
23 error If you do, this is most likely a problem with the vicara package,
23 error not with npm itself.
23 error Tell the author that this fails on your system:
23 error     node server/server.js
23 error You can get information on how to open an issue for this project with:
23 error     npm bugs vicara
23 error Or if that isn't available, you can get their info via:
23 error     npm owner ls vicara
23 error There is likely additional logging output above.
24 verbose exit [ 1, true ]
